<?xml version="1.0" encoding="UTF-8"?>
<!-- Generated by org.testng.reporters.JUnitReportReporter -->
<testsuite skipped="0" hostname="LAPTOP-IEHG6H3J" name="Script.actiTimeLoginScript" tests="2" failures="0" timestamp="22 Dec 2018 02:46:37 GMT" time="50.589" errors="0">
  <testcase name="Test1" time="22.092" classname="Script.actiTimeLoginScript"/>
  <testcase name="Test1" time="28.497" classname="Script.actiTimeLoginScript"/>
</testsuite> <!-- Script.actiTimeLoginScript -->
